<?xml version="1.0" encoding="UTF-8"?>
<!-- Generated by org.testng.reporters.JUnitReportReporter -->
<testsuite hostname="BRILAP1990" failures="0" tests="1" name="script.ValidLogin_Test" time="30.449" errors="0" timestamp="21 Apr 2022 02:50:45 GMT" skipped="0">
  <testcase classname="script.ValidLogin_Test" name="testValidLogin" time="30.449"/>
</testsuite> <!-- script.ValidLogin_Test -->
